Using Spark's default log4j profile: org/apache/spark/log4j-defaults.properties
18/10/30 13:22:47 INFO SparkContext: Running Spark version 1.5.2
18/10/30 13:22:48 WARN NativeCodeLoader: Unable to load native-hadoop library for your platform... using builtin-java classes where applicable
18/10/30 13:22:48 INFO SecurityManager: Changing view acls to: pkj6783
18/10/30 13:22:48 INFO SecurityManager: Changing modify acls to: pkj6783
18/10/30 13:22:48 INFO SecurityManager: SecurityManager: authentication disabled; ui acls disabled; users with view permissions: Set(pkj6783); users with modify permissions: Set(pkj6783)
18/10/30 13:22:49 INFO Slf4jLogger: Slf4jLogger started
18/10/30 13:22:49 INFO Remoting: Starting remoting
18/10/30 13:22:49 INFO Remoting: Remoting started; listening on addresses :[akka.tcp://sparkDriver@198.202.114.153:34554]
18/10/30 13:22:49 INFO Utils: Successfully started service 'sparkDriver' on port 34554.
18/10/30 13:22:49 INFO SparkEnv: Registering MapOutputTracker
18/10/30 13:22:49 INFO SparkEnv: Registering BlockManagerMaster
18/10/30 13:22:49 INFO DiskBlockManager: Created local directory at /tmp/blockmgr-b721be05-fc2a-4430-bf0a-c3bc73fafeef
18/10/30 13:22:49 INFO MemoryStore: MemoryStore started with capacity 530.0 MB
18/10/30 13:22:49 INFO HttpFileServer: HTTP File server directory is /tmp/spark-bb410d54-deb0-4b0c-b3a1-bdf94a1924ac/httpd-47a48d7b-4455-4069-8fc2-77e9b11ca261
18/10/30 13:22:49 INFO HttpServer: Starting HTTP Server
18/10/30 13:22:49 INFO Utils: Successfully started service 'HTTP file server' on port 43637.
18/10/30 13:22:49 INFO SparkEnv: Registering OutputCommitCoordinator
18/10/30 13:22:49 INFO Utils: Successfully started service 'SparkUI' on port 4040.
18/10/30 13:22:49 INFO SparkUI: Started SparkUI at http://198.202.114.153:4040
18/10/30 13:22:49 INFO SparkContext: Added JAR file:/home/pkj6783/project4/kmeans.jar at http://198.202.114.153:43637/jars/kmeans.jar with timestamp 1540930969835
18/10/30 13:22:49 WARN MetricsSystem: Using default name DAGScheduler for source because spark.app.id is not set.
18/10/30 13:22:49 INFO Executor: Starting executor ID driver on host localhost
18/10/30 13:22:50 INFO Utils: Successfully started service 'org.apache.spark.network.netty.NettyBlockTransferService' on port 33561.
18/10/30 13:22:50 INFO NettyBlockTransferService: Server created on 33561
18/10/30 13:22:50 INFO BlockManagerMaster: Trying to register BlockManager
18/10/30 13:22:50 INFO BlockManagerMasterEndpoint: Registering block manager localhost:33561 with 530.0 MB RAM, BlockManagerId(driver, localhost, 33561)
18/10/30 13:22:50 INFO BlockManagerMaster: Registered BlockManager
18/10/30 13:22:51 INFO MemoryStore: ensureFreeSpace(120040) called with curMem=0, maxMem=555755765
18/10/30 13:22:51 INFO MemoryStore: Block broadcast_0 stored as values in memory (estimated size 117.2 KB, free 529.9 MB)
18/10/30 13:22:51 INFO MemoryStore: ensureFreeSpace(12673) called with curMem=120040, maxMem=555755765
18/10/30 13:22:51 INFO MemoryStore: Block broadcast_0_piece0 stored as bytes in memory (estimated size 12.4 KB, free 529.9 MB)
18/10/30 13:22:51 INFO BlockManagerInfo: Added broadcast_0_piece0 in memory on localhost:33561 (size: 12.4 KB, free: 530.0 MB)
18/10/30 13:22:51 INFO SparkContext: Created broadcast 0 from textFile at KMeans.scala:69
18/10/30 13:22:51 INFO FileInputFormat: Total input paths to process : 1
18/10/30 13:22:51 INFO SparkContext: Starting job: collect at KMeans.scala:69
18/10/30 13:22:51 INFO DAGScheduler: Got job 0 (collect at KMeans.scala:69) with 2 output partitions
18/10/30 13:22:51 INFO DAGScheduler: Final stage: ResultStage 0(collect at KMeans.scala:69)
18/10/30 13:22:51 INFO DAGScheduler: Parents of final stage: List()
18/10/30 13:22:51 INFO DAGScheduler: Missing parents: List()
18/10/30 13:22:51 INFO DAGScheduler: Submitting ResultStage 0 (MapPartitionsRDD[1] at textFile at KMeans.scala:69), which has no missing parents
18/10/30 13:22:51 INFO MemoryStore: ensureFreeSpace(3120) called with curMem=132713, maxMem=555755765
18/10/30 13:22:51 INFO MemoryStore: Block broadcast_1 stored as values in memory (estimated size 3.0 KB, free 529.9 MB)
18/10/30 13:22:51 INFO MemoryStore: ensureFreeSpace(1787) called with curMem=135833, maxMem=555755765
18/10/30 13:22:51 INFO MemoryStore: Block broadcast_1_piece0 stored as bytes in memory (estimated size 1787.0 B, free 529.9 MB)
18/10/30 13:22:51 INFO BlockManagerInfo: Added broadcast_1_piece0 in memory on localhost:33561 (size: 1787.0 B, free: 530.0 MB)
18/10/30 13:22:51 INFO SparkContext: Created broadcast 1 from broadcast at DAGScheduler.scala:861
18/10/30 13:22:51 INFO DAGScheduler: Submitting 2 missing tasks from ResultStage 0 (MapPartitionsRDD[1] at textFile at KMeans.scala:69)
18/10/30 13:22:51 INFO TaskSchedulerImpl: Adding task set 0.0 with 2 tasks
18/10/30 13:22:51 INFO TaskSetManager: Starting task 0.0 in stage 0.0 (TID 0, localhost, PROCESS_LOCAL, 2204 bytes)
18/10/30 13:22:51 INFO TaskSetManager: Starting task 1.0 in stage 0.0 (TID 1, localhost, PROCESS_LOCAL, 2204 bytes)
18/10/30 13:22:51 INFO Executor: Running task 1.0 in stage 0.0 (TID 1)
18/10/30 13:22:51 INFO Executor: Running task 0.0 in stage 0.0 (TID 0)
18/10/30 13:22:51 INFO Executor: Fetching http://198.202.114.153:43637/jars/kmeans.jar with timestamp 1540930969835
18/10/30 13:22:52 INFO Utils: Fetching http://198.202.114.153:43637/jars/kmeans.jar to /tmp/spark-bb410d54-deb0-4b0c-b3a1-bdf94a1924ac/userFiles-aedee40c-748b-49d7-b781-e9ca3c60a49d/fetchFileTemp6620415961649655073.tmp
18/10/30 13:22:52 INFO Executor: Adding file:/tmp/spark-bb410d54-deb0-4b0c-b3a1-bdf94a1924ac/userFiles-aedee40c-748b-49d7-b781-e9ca3c60a49d/kmeans.jar to class loader
18/10/30 13:22:52 INFO HadoopRDD: Input split: file:/home/pkj6783/project4/centroids.txt:0+450
18/10/30 13:22:52 INFO HadoopRDD: Input split: file:/home/pkj6783/project4/centroids.txt:450+450
18/10/30 13:22:52 INFO deprecation: mapred.tip.id is deprecated. Instead, use mapreduce.task.id
18/10/30 13:22:52 INFO deprecation: mapred.task.id is deprecated. Instead, use mapreduce.task.attempt.id
18/10/30 13:22:52 INFO deprecation: mapred.task.is.map is deprecated. Instead, use mapreduce.task.ismap
18/10/30 13:22:52 INFO deprecation: mapred.task.partition is deprecated. Instead, use mapreduce.task.partition
18/10/30 13:22:52 INFO deprecation: mapred.job.id is deprecated. Instead, use mapreduce.job.id
18/10/30 13:22:52 INFO Executor: Finished task 1.0 in stage 0.0 (TID 1). 2589 bytes result sent to driver
18/10/30 13:22:52 INFO Executor: Finished task 0.0 in stage 0.0 (TID 0). 2605 bytes result sent to driver
18/10/30 13:22:52 INFO TaskSetManager: Finished task 0.0 in stage 0.0 (TID 0) in 239 ms on localhost (1/2)
18/10/30 13:22:52 INFO DAGScheduler: ResultStage 0 (collect at KMeans.scala:69) finished in 0.257 s
18/10/30 13:22:52 INFO TaskSetManager: Finished task 1.0 in stage 0.0 (TID 1) in 208 ms on localhost (2/2)
18/10/30 13:22:52 INFO DAGScheduler: Job 0 finished: collect at KMeans.scala:69, took 0.338543 s
18/10/30 13:22:52 INFO TaskSchedulerImpl: Removed TaskSet 0.0, whose tasks have all completed, from pool 
18/10/30 13:22:52 INFO MemoryStore: ensureFreeSpace(57192) called with curMem=137620, maxMem=555755765
18/10/30 13:22:52 INFO MemoryStore: Block broadcast_2 stored as values in memory (estimated size 55.9 KB, free 529.8 MB)
18/10/30 13:22:52 INFO MemoryStore: ensureFreeSpace(17179) called with curMem=194812, maxMem=555755765
18/10/30 13:22:52 INFO MemoryStore: Block broadcast_2_piece0 stored as bytes in memory (estimated size 16.8 KB, free 529.8 MB)
18/10/30 13:22:52 INFO BlockManagerInfo: Added broadcast_2_piece0 in memory on localhost:33561 (size: 16.8 KB, free: 530.0 MB)
18/10/30 13:22:52 INFO SparkContext: Created broadcast 2 from textFile at KMeans.scala:71
18/10/30 13:22:52 INFO FileInputFormat: Total input paths to process : 1
18/10/30 13:22:52 INFO SparkContext: Starting job: collect at KMeans.scala:71
18/10/30 13:22:52 INFO DAGScheduler: Got job 1 (collect at KMeans.scala:71) with 2 output partitions
18/10/30 13:22:52 INFO DAGScheduler: Final stage: ResultStage 1(collect at KMeans.scala:71)
18/10/30 13:22:52 INFO DAGScheduler: Parents of final stage: List()
18/10/30 13:22:52 INFO DAGScheduler: Missing parents: List()
18/10/30 13:22:52 INFO DAGScheduler: Submitting ResultStage 1 (MapPartitionsRDD[3] at textFile at KMeans.scala:71), which has no missing parents
18/10/30 13:22:52 INFO MemoryStore: ensureFreeSpace(3128) called with curMem=211991, maxMem=555755765
18/10/30 13:22:52 INFO MemoryStore: Block broadcast_3 stored as values in memory (estimated size 3.1 KB, free 529.8 MB)
18/10/30 13:22:52 INFO MemoryStore: ensureFreeSpace(1787) called with curMem=215119, maxMem=555755765
18/10/30 13:22:52 INFO MemoryStore: Block broadcast_3_piece0 stored as bytes in memory (estimated size 1787.0 B, free 529.8 MB)
18/10/30 13:22:52 INFO BlockManagerInfo: Added broadcast_3_piece0 in memory on localhost:33561 (size: 1787.0 B, free: 530.0 MB)
18/10/30 13:22:52 INFO SparkContext: Created broadcast 3 from broadcast at DAGScheduler.scala:861
18/10/30 13:22:52 INFO DAGScheduler: Submitting 2 missing tasks from ResultStage 1 (MapPartitionsRDD[3] at textFile at KMeans.scala:71)
18/10/30 13:22:52 INFO TaskSchedulerImpl: Adding task set 1.0 with 2 tasks
18/10/30 13:22:52 INFO TaskSetManager: Starting task 0.0 in stage 1.0 (TID 2, localhost, PROCESS_LOCAL, 2207 bytes)
18/10/30 13:22:52 INFO TaskSetManager: Starting task 1.0 in stage 1.0 (TID 3, localhost, PROCESS_LOCAL, 2207 bytes)
18/10/30 13:22:52 INFO Executor: Running task 0.0 in stage 1.0 (TID 2)
18/10/30 13:22:52 INFO HadoopRDD: Input split: file:/home/pkj6783/project4/points-small.txt:0+18474
18/10/30 13:22:52 INFO Executor: Running task 1.0 in stage 1.0 (TID 3)
18/10/30 13:22:52 INFO HadoopRDD: Input split: file:/home/pkj6783/project4/points-small.txt:18474+18474
18/10/30 13:22:52 INFO Executor: Finished task 1.0 in stage 1.0 (TID 3). 21600 bytes result sent to driver
18/10/30 13:22:52 INFO Executor: Finished task 0.0 in stage 1.0 (TID 2). 21626 bytes result sent to driver
18/10/30 13:22:52 INFO TaskSetManager: Finished task 1.0 in stage 1.0 (TID 3) in 33 ms on localhost (1/2)
18/10/30 13:22:52 INFO DAGScheduler: ResultStage 1 (collect at KMeans.scala:71) finished in 0.052 s
18/10/30 13:22:52 INFO DAGScheduler: Job 1 finished: collect at KMeans.scala:71, took 0.061943 s
18/10/30 13:22:52 INFO TaskSetManager: Finished task 0.0 in stage 1.0 (TID 2) in 52 ms on localhost (2/2)
18/10/30 13:22:52 INFO TaskSchedulerImpl: Removed TaskSet 1.0, whose tasks have all completed, from pool 
18/10/30 13:22:52 INFO SparkContext: Starting job: collect at KMeans.scala:83
18/10/30 13:22:52 INFO DAGScheduler: Registering RDD 5 (mapValues at KMeans.scala:79)
18/10/30 13:22:52 INFO DAGScheduler: Got job 2 (collect at KMeans.scala:83) with 2 output partitions
18/10/30 13:22:52 INFO DAGScheduler: Final stage: ResultStage 3(collect at KMeans.scala:83)
18/10/30 13:22:52 INFO DAGScheduler: Parents of final stage: List(ShuffleMapStage 2)
18/10/30 13:22:52 INFO DAGScheduler: Missing parents: List(ShuffleMapStage 2)
18/10/30 13:22:52 INFO DAGScheduler: Submitting ShuffleMapStage 2 (MapPartitionsRDD[5] at mapValues at KMeans.scala:79), which has no missing parents
18/10/30 13:22:52 INFO MemoryStore: ensureFreeSpace(2528) called with curMem=216906, maxMem=555755765
18/10/30 13:22:52 INFO MemoryStore: Block broadcast_4 stored as values in memory (estimated size 2.5 KB, free 529.8 MB)
18/10/30 13:22:52 INFO MemoryStore: ensureFreeSpace(1531) called with curMem=219434, maxMem=555755765
18/10/30 13:22:52 INFO MemoryStore: Block broadcast_4_piece0 stored as bytes in memory (estimated size 1531.0 B, free 529.8 MB)
18/10/30 13:22:52 INFO BlockManagerInfo: Added broadcast_4_piece0 in memory on localhost:33561 (size: 1531.0 B, free: 530.0 MB)
18/10/30 13:22:52 INFO SparkContext: Created broadcast 4 from broadcast at DAGScheduler.scala:861
18/10/30 13:22:52 INFO DAGScheduler: Submitting 2 missing tasks from ShuffleMapStage 2 (MapPartitionsRDD[5] at mapValues at KMeans.scala:79)
18/10/30 13:22:52 INFO TaskSchedulerImpl: Adding task set 2.0 with 2 tasks
18/10/30 13:22:52 INFO TaskSetManager: Starting task 0.0 in stage 2.0 (TID 4, localhost, PROCESS_LOCAL, 29228 bytes)
18/10/30 13:22:52 INFO TaskSetManager: Starting task 1.0 in stage 2.0 (TID 5, localhost, PROCESS_LOCAL, 29228 bytes)
18/10/30 13:22:52 INFO Executor: Running task 0.0 in stage 2.0 (TID 4)
18/10/30 13:22:52 INFO Executor: Running task 1.0 in stage 2.0 (TID 5)
18/10/30 13:22:52 INFO Executor: Finished task 0.0 in stage 2.0 (TID 4). 1159 bytes result sent to driver
18/10/30 13:22:52 INFO TaskSetManager: Finished task 0.0 in stage 2.0 (TID 4) in 311 ms on localhost (1/2)
18/10/30 13:22:52 INFO Executor: Finished task 1.0 in stage 2.0 (TID 5). 1159 bytes result sent to driver
18/10/30 13:22:52 INFO DAGScheduler: ShuffleMapStage 2 (mapValues at KMeans.scala:79) finished in 0.311 s
18/10/30 13:22:52 INFO DAGScheduler: looking for newly runnable stages
18/10/30 13:22:52 INFO DAGScheduler: running: Set()
18/10/30 13:22:52 INFO DAGScheduler: waiting: Set(ResultStage 3)
18/10/30 13:22:52 INFO DAGScheduler: failed: Set()
18/10/30 13:22:52 INFO DAGScheduler: Missing parents for ResultStage 3: List()
18/10/30 13:22:52 INFO TaskSetManager: Finished task 1.0 in stage 2.0 (TID 5) in 302 ms on localhost (2/2)
18/10/30 13:22:52 INFO TaskSchedulerImpl: Removed TaskSet 2.0, whose tasks have all completed, from pool 
18/10/30 13:22:52 INFO DAGScheduler: Submitting ResultStage 3 (MapPartitionsRDD[7] at mapValues at KMeans.scala:81), which is now runnable
18/10/30 13:22:52 INFO MemoryStore: ensureFreeSpace(2744) called with curMem=220965, maxMem=555755765
18/10/30 13:22:52 INFO MemoryStore: Block broadcast_5 stored as values in memory (estimated size 2.7 KB, free 529.8 MB)
18/10/30 13:22:52 INFO MemoryStore: ensureFreeSpace(1595) called with curMem=223709, maxMem=555755765
18/10/30 13:22:52 INFO MemoryStore: Block broadcast_5_piece0 stored as bytes in memory (estimated size 1595.0 B, free 529.8 MB)
18/10/30 13:22:52 INFO BlockManagerInfo: Added broadcast_5_piece0 in memory on localhost:33561 (size: 1595.0 B, free: 530.0 MB)
18/10/30 13:22:52 INFO SparkContext: Created broadcast 5 from broadcast at DAGScheduler.scala:861
18/10/30 13:22:52 INFO DAGScheduler: Submitting 2 missing tasks from ResultStage 3 (MapPartitionsRDD[7] at mapValues at KMeans.scala:81)
18/10/30 13:22:52 INFO TaskSchedulerImpl: Adding task set 3.0 with 2 tasks
18/10/30 13:22:52 INFO TaskSetManager: Starting task 0.0 in stage 3.0 (TID 6, localhost, PROCESS_LOCAL, 1955 bytes)
18/10/30 13:22:52 INFO TaskSetManager: Starting task 1.0 in stage 3.0 (TID 7, localhost, PROCESS_LOCAL, 1955 bytes)
18/10/30 13:22:52 INFO Executor: Running task 0.0 in stage 3.0 (TID 6)
18/10/30 13:22:52 INFO Executor: Running task 1.0 in stage 3.0 (TID 7)
18/10/30 13:22:52 INFO ShuffleBlockFetcherIterator: Getting 2 non-empty blocks out of 2 blocks
18/10/30 13:22:52 INFO ShuffleBlockFetcherIterator: Started 0 remote fetches in 8 ms
18/10/30 13:22:52 INFO ShuffleBlockFetcherIterator: Getting 2 non-empty blocks out of 2 blocks
18/10/30 13:22:52 INFO ShuffleBlockFetcherIterator: Started 0 remote fetches in 17 ms
18/10/30 13:22:52 INFO Executor: Finished task 0.0 in stage 3.0 (TID 6). 3722 bytes result sent to driver
18/10/30 13:22:52 INFO Executor: Finished task 1.0 in stage 3.0 (TID 7). 4264 bytes result sent to driver
18/10/30 13:22:52 INFO TaskSetManager: Finished task 1.0 in stage 3.0 (TID 7) in 108 ms on localhost (1/2)
18/10/30 13:22:52 INFO TaskSetManager: Finished task 0.0 in stage 3.0 (TID 6) in 110 ms on localhost (2/2)
18/10/30 13:22:52 INFO TaskSchedulerImpl: Removed TaskSet 3.0, whose tasks have all completed, from pool 
18/10/30 13:22:52 INFO DAGScheduler: ResultStage 3 (collect at KMeans.scala:83) finished in 0.102 s
18/10/30 13:22:52 INFO DAGScheduler: Job 2 finished: collect at KMeans.scala:83, took 0.482339 s
18/10/30 13:22:52 INFO SparkContext: Starting job: collect at KMeans.scala:83
18/10/30 13:22:52 INFO DAGScheduler: Registering RDD 9 (mapValues at KMeans.scala:79)
18/10/30 13:22:52 INFO DAGScheduler: Got job 3 (collect at KMeans.scala:83) with 2 output partitions
18/10/30 13:22:52 INFO DAGScheduler: Final stage: ResultStage 5(collect at KMeans.scala:83)
18/10/30 13:22:52 INFO DAGScheduler: Parents of final stage: List(ShuffleMapStage 4)
18/10/30 13:22:52 INFO DAGScheduler: Missing parents: List(ShuffleMapStage 4)
18/10/30 13:22:52 INFO DAGScheduler: Submitting ShuffleMapStage 4 (MapPartitionsRDD[9] at mapValues at KMeans.scala:79), which has no missing parents
18/10/30 13:22:52 INFO MemoryStore: ensureFreeSpace(2528) called with curMem=225304, maxMem=555755765
18/10/30 13:22:52 INFO MemoryStore: Block broadcast_6 stored as values in memory (estimated size 2.5 KB, free 529.8 MB)
18/10/30 13:22:52 INFO MemoryStore: ensureFreeSpace(1529) called with curMem=227832, maxMem=555755765
18/10/30 13:22:52 INFO MemoryStore: Block broadcast_6_piece0 stored as bytes in memory (estimated size 1529.0 B, free 529.8 MB)
18/10/30 13:22:52 INFO BlockManagerInfo: Added broadcast_6_piece0 in memory on localhost:33561 (size: 1529.0 B, free: 530.0 MB)
18/10/30 13:22:52 INFO SparkContext: Created broadcast 6 from broadcast at DAGScheduler.scala:861
18/10/30 13:22:52 INFO DAGScheduler: Submitting 2 missing tasks from ShuffleMapStage 4 (MapPartitionsRDD[9] at mapValues at KMeans.scala:79)
18/10/30 13:22:52 INFO TaskSchedulerImpl: Adding task set 4.0 with 2 tasks
18/10/30 13:22:52 INFO TaskSetManager: Starting task 0.0 in stage 4.0 (TID 8, localhost, PROCESS_LOCAL, 29228 bytes)
18/10/30 13:22:52 INFO TaskSetManager: Starting task 1.0 in stage 4.0 (TID 9, localhost, PROCESS_LOCAL, 29228 bytes)
18/10/30 13:22:52 INFO Executor: Running task 0.0 in stage 4.0 (TID 8)
18/10/30 13:22:52 INFO Executor: Running task 1.0 in stage 4.0 (TID 9)
18/10/30 13:22:53 INFO Executor: Finished task 0.0 in stage 4.0 (TID 8). 1159 bytes result sent to driver
18/10/30 13:22:53 INFO TaskSetManager: Finished task 0.0 in stage 4.0 (TID 8) in 98 ms on localhost (1/2)
18/10/30 13:22:53 INFO Executor: Finished task 1.0 in stage 4.0 (TID 9). 1159 bytes result sent to driver
18/10/30 13:22:53 INFO TaskSetManager: Finished task 1.0 in stage 4.0 (TID 9) in 89 ms on localhost (2/2)
18/10/30 13:22:53 INFO TaskSchedulerImpl: Removed TaskSet 4.0, whose tasks have all completed, from pool 
18/10/30 13:22:53 INFO DAGScheduler: ShuffleMapStage 4 (mapValues at KMeans.scala:79) finished in 0.104 s
18/10/30 13:22:53 INFO DAGScheduler: looking for newly runnable stages
18/10/30 13:22:53 INFO DAGScheduler: running: Set()
18/10/30 13:22:53 INFO DAGScheduler: waiting: Set(ResultStage 5)
18/10/30 13:22:53 INFO DAGScheduler: failed: Set()
18/10/30 13:22:53 INFO DAGScheduler: Missing parents for ResultStage 5: List()
18/10/30 13:22:53 INFO DAGScheduler: Submitting ResultStage 5 (MapPartitionsRDD[11] at mapValues at KMeans.scala:81), which is now runnable
18/10/30 13:22:53 INFO MemoryStore: ensureFreeSpace(2744) called with curMem=229361, maxMem=555755765
18/10/30 13:22:53 INFO MemoryStore: Block broadcast_7 stored as values in memory (estimated size 2.7 KB, free 529.8 MB)
18/10/30 13:22:53 INFO MemoryStore: ensureFreeSpace(1581) called with curMem=232105, maxMem=555755765
18/10/30 13:22:53 INFO MemoryStore: Block broadcast_7_piece0 stored as bytes in memory (estimated size 1581.0 B, free 529.8 MB)
18/10/30 13:22:53 INFO BlockManagerInfo: Added broadcast_7_piece0 in memory on localhost:33561 (size: 1581.0 B, free: 530.0 MB)
18/10/30 13:22:53 INFO SparkContext: Created broadcast 7 from broadcast at DAGScheduler.scala:861
18/10/30 13:22:53 INFO DAGScheduler: Submitting 2 missing tasks from ResultStage 5 (MapPartitionsRDD[11] at mapValues at KMeans.scala:81)
18/10/30 13:22:53 INFO TaskSchedulerImpl: Adding task set 5.0 with 2 tasks
18/10/30 13:22:53 INFO TaskSetManager: Starting task 0.0 in stage 5.0 (TID 10, localhost, PROCESS_LOCAL, 1955 bytes)
18/10/30 13:22:53 INFO TaskSetManager: Starting task 1.0 in stage 5.0 (TID 11, localhost, PROCESS_LOCAL, 1955 bytes)
18/10/30 13:22:53 INFO Executor: Running task 0.0 in stage 5.0 (TID 10)
18/10/30 13:22:53 INFO ShuffleBlockFetcherIterator: Getting 2 non-empty blocks out of 2 blocks
18/10/30 13:22:53 INFO ShuffleBlockFetcherIterator: Started 0 remote fetches in 0 ms
18/10/30 13:22:53 INFO Executor: Finished task 0.0 in stage 5.0 (TID 10). 4046 bytes result sent to driver
18/10/30 13:22:53 INFO TaskSetManager: Finished task 0.0 in stage 5.0 (TID 10) in 32 ms on localhost (1/2)
18/10/30 13:22:53 INFO Executor: Running task 1.0 in stage 5.0 (TID 11)
18/10/30 13:22:53 INFO ShuffleBlockFetcherIterator: Getting 2 non-empty blocks out of 2 blocks
18/10/30 13:22:53 INFO ShuffleBlockFetcherIterator: Started 0 remote fetches in 1 ms
18/10/30 13:22:53 INFO Executor: Finished task 1.0 in stage 5.0 (TID 11). 3938 bytes result sent to driver
18/10/30 13:22:53 INFO TaskSetManager: Finished task 1.0 in stage 5.0 (TID 11) in 57 ms on localhost (2/2)
18/10/30 13:22:53 INFO TaskSchedulerImpl: Removed TaskSet 5.0, whose tasks have all completed, from pool 
18/10/30 13:22:53 INFO DAGScheduler: ResultStage 5 (collect at KMeans.scala:83) finished in 0.058 s
18/10/30 13:22:53 INFO DAGScheduler: Job 3 finished: collect at KMeans.scala:83, took 0.184724 s
18/10/30 13:22:53 INFO SparkContext: Starting job: collect at KMeans.scala:83
18/10/30 13:22:53 INFO DAGScheduler: Registering RDD 13 (mapValues at KMeans.scala:79)
18/10/30 13:22:53 INFO DAGScheduler: Got job 4 (collect at KMeans.scala:83) with 2 output partitions
18/10/30 13:22:53 INFO DAGScheduler: Final stage: ResultStage 7(collect at KMeans.scala:83)
18/10/30 13:22:53 INFO DAGScheduler: Parents of final stage: List(ShuffleMapStage 6)
18/10/30 13:22:53 INFO DAGScheduler: Missing parents: List(ShuffleMapStage 6)
18/10/30 13:22:53 INFO DAGScheduler: Submitting ShuffleMapStage 6 (MapPartitionsRDD[13] at mapValues at KMeans.scala:79), which has no missing parents
18/10/30 13:22:53 INFO MemoryStore: ensureFreeSpace(2528) called with curMem=233686, maxMem=555755765
18/10/30 13:22:53 INFO MemoryStore: Block broadcast_8 stored as values in memory (estimated size 2.5 KB, free 529.8 MB)
18/10/30 13:22:53 INFO MemoryStore: ensureFreeSpace(1524) called with curMem=236214, maxMem=555755765
18/10/30 13:22:53 INFO MemoryStore: Block broadcast_8_piece0 stored as bytes in memory (estimated size 1524.0 B, free 529.8 MB)
18/10/30 13:22:53 INFO BlockManagerInfo: Added broadcast_8_piece0 in memory on localhost:33561 (size: 1524.0 B, free: 530.0 MB)
18/10/30 13:22:53 INFO SparkContext: Created broadcast 8 from broadcast at DAGScheduler.scala:861
18/10/30 13:22:53 INFO DAGScheduler: Submitting 2 missing tasks from ShuffleMapStage 6 (MapPartitionsRDD[13] at mapValues at KMeans.scala:79)
18/10/30 13:22:53 INFO TaskSchedulerImpl: Adding task set 6.0 with 2 tasks
18/10/30 13:22:53 INFO TaskSetManager: Starting task 0.0 in stage 6.0 (TID 12, localhost, PROCESS_LOCAL, 29228 bytes)
18/10/30 13:22:53 INFO TaskSetManager: Starting task 1.0 in stage 6.0 (TID 13, localhost, PROCESS_LOCAL, 29228 bytes)
18/10/30 13:22:53 INFO Executor: Running task 1.0 in stage 6.0 (TID 13)
18/10/30 13:22:53 INFO Executor: Running task 0.0 in stage 6.0 (TID 12)
18/10/30 13:22:53 INFO Executor: Finished task 1.0 in stage 6.0 (TID 13). 1159 bytes result sent to driver
18/10/30 13:22:53 INFO TaskSetManager: Finished task 1.0 in stage 6.0 (TID 13) in 73 ms on localhost (1/2)
18/10/30 13:22:53 INFO Executor: Finished task 0.0 in stage 6.0 (TID 12). 1159 bytes result sent to driver
18/10/30 13:22:53 INFO TaskSetManager: Finished task 0.0 in stage 6.0 (TID 12) in 79 ms on localhost (2/2)
18/10/30 13:22:53 INFO TaskSchedulerImpl: Removed TaskSet 6.0, whose tasks have all completed, from pool 
18/10/30 13:22:53 INFO DAGScheduler: ShuffleMapStage 6 (mapValues at KMeans.scala:79) finished in 0.076 s
18/10/30 13:22:53 INFO DAGScheduler: looking for newly runnable stages
18/10/30 13:22:53 INFO DAGScheduler: running: Set()
18/10/30 13:22:53 INFO DAGScheduler: waiting: Set(ResultStage 7)
18/10/30 13:22:53 INFO DAGScheduler: failed: Set()
18/10/30 13:22:53 INFO DAGScheduler: Missing parents for ResultStage 7: List()
18/10/30 13:22:53 INFO DAGScheduler: Submitting ResultStage 7 (MapPartitionsRDD[15] at mapValues at KMeans.scala:81), which is now runnable
18/10/30 13:22:53 INFO MemoryStore: ensureFreeSpace(2744) called with curMem=237738, maxMem=555755765
18/10/30 13:22:53 INFO MemoryStore: Block broadcast_9 stored as values in memory (estimated size 2.7 KB, free 529.8 MB)
18/10/30 13:22:53 INFO MemoryStore: ensureFreeSpace(1579) called with curMem=240482, maxMem=555755765
18/10/30 13:22:53 INFO MemoryStore: Block broadcast_9_piece0 stored as bytes in memory (estimated size 1579.0 B, free 529.8 MB)
18/10/30 13:22:53 INFO BlockManagerInfo: Added broadcast_9_piece0 in memory on localhost:33561 (size: 1579.0 B, free: 530.0 MB)
18/10/30 13:22:53 INFO SparkContext: Created broadcast 9 from broadcast at DAGScheduler.scala:861
18/10/30 13:22:53 INFO DAGScheduler: Submitting 2 missing tasks from ResultStage 7 (MapPartitionsRDD[15] at mapValues at KMeans.scala:81)
18/10/30 13:22:53 INFO TaskSchedulerImpl: Adding task set 7.0 with 2 tasks
18/10/30 13:22:53 INFO TaskSetManager: Starting task 0.0 in stage 7.0 (TID 14, localhost, PROCESS_LOCAL, 1955 bytes)
18/10/30 13:22:53 INFO TaskSetManager: Starting task 1.0 in stage 7.0 (TID 15, localhost, PROCESS_LOCAL, 1955 bytes)
18/10/30 13:22:53 INFO Executor: Running task 1.0 in stage 7.0 (TID 15)
18/10/30 13:22:53 INFO ShuffleBlockFetcherIterator: Getting 2 non-empty blocks out of 2 blocks
18/10/30 13:22:53 INFO ShuffleBlockFetcherIterator: Started 0 remote fetches in 0 ms
18/10/30 13:22:53 INFO Executor: Running task 0.0 in stage 7.0 (TID 14)
18/10/30 13:22:53 INFO ShuffleBlockFetcherIterator: Getting 2 non-empty blocks out of 2 blocks
18/10/30 13:22:53 INFO ShuffleBlockFetcherIterator: Started 0 remote fetches in 0 ms
18/10/30 13:22:53 INFO Executor: Finished task 1.0 in stage 7.0 (TID 15). 3938 bytes result sent to driver
18/10/30 13:22:53 INFO TaskSetManager: Finished task 1.0 in stage 7.0 (TID 15) in 14 ms on localhost (1/2)
18/10/30 13:22:53 INFO Executor: Finished task 0.0 in stage 7.0 (TID 14). 4046 bytes result sent to driver
18/10/30 13:22:53 INFO TaskSetManager: Finished task 0.0 in stage 7.0 (TID 14) in 39 ms on localhost (2/2)
18/10/30 13:22:53 INFO TaskSchedulerImpl: Removed TaskSet 7.0, whose tasks have all completed, from pool 
18/10/30 13:22:53 INFO DAGScheduler: ResultStage 7 (collect at KMeans.scala:83) finished in 0.039 s
18/10/30 13:22:53 INFO DAGScheduler: Job 4 finished: collect at KMeans.scala:83, took 0.150177 s
18/10/30 13:22:53 INFO SparkContext: Starting job: collect at KMeans.scala:83
18/10/30 13:22:53 INFO DAGScheduler: Registering RDD 17 (mapValues at KMeans.scala:79)
18/10/30 13:22:53 INFO DAGScheduler: Got job 5 (collect at KMeans.scala:83) with 2 output partitions
18/10/30 13:22:53 INFO DAGScheduler: Final stage: ResultStage 9(collect at KMeans.scala:83)
18/10/30 13:22:53 INFO DAGScheduler: Parents of final stage: List(ShuffleMapStage 8)
18/10/30 13:22:53 INFO DAGScheduler: Missing parents: List(ShuffleMapStage 8)
18/10/30 13:22:53 INFO DAGScheduler: Submitting ShuffleMapStage 8 (MapPartitionsRDD[17] at mapValues at KMeans.scala:79), which has no missing parents
18/10/30 13:22:53 INFO MemoryStore: ensureFreeSpace(2528) called with curMem=242061, maxMem=555755765
18/10/30 13:22:53 INFO MemoryStore: Block broadcast_10 stored as values in memory (estimated size 2.5 KB, free 529.8 MB)
18/10/30 13:22:53 INFO MemoryStore: ensureFreeSpace(1531) called with curMem=244589, maxMem=555755765
18/10/30 13:22:53 INFO MemoryStore: Block broadcast_10_piece0 stored as bytes in memory (estimated size 1531.0 B, free 529.8 MB)
18/10/30 13:22:53 INFO BlockManagerInfo: Added broadcast_10_piece0 in memory on localhost:33561 (size: 1531.0 B, free: 530.0 MB)
18/10/30 13:22:53 INFO SparkContext: Created broadcast 10 from broadcast at DAGScheduler.scala:861
18/10/30 13:22:53 INFO DAGScheduler: Submitting 2 missing tasks from ShuffleMapStage 8 (MapPartitionsRDD[17] at mapValues at KMeans.scala:79)
18/10/30 13:22:53 INFO TaskSchedulerImpl: Adding task set 8.0 with 2 tasks
18/10/30 13:22:53 INFO TaskSetManager: Starting task 0.0 in stage 8.0 (TID 16, localhost, PROCESS_LOCAL, 29228 bytes)
18/10/30 13:22:53 INFO TaskSetManager: Starting task 1.0 in stage 8.0 (TID 17, localhost, PROCESS_LOCAL, 29228 bytes)
18/10/30 13:22:53 INFO Executor: Running task 1.0 in stage 8.0 (TID 17)
18/10/30 13:22:53 INFO Executor: Running task 0.0 in stage 8.0 (TID 16)
18/10/30 13:22:53 INFO Executor: Finished task 1.0 in stage 8.0 (TID 17). 1159 bytes result sent to driver
18/10/30 13:22:53 INFO Executor: Finished task 0.0 in stage 8.0 (TID 16). 1159 bytes result sent to driver
18/10/30 13:22:53 INFO TaskSetManager: Finished task 0.0 in stage 8.0 (TID 16) in 91 ms on localhost (1/2)
18/10/30 13:22:53 INFO TaskSetManager: Finished task 1.0 in stage 8.0 (TID 17) in 90 ms on localhost (2/2)
18/10/30 13:22:53 INFO TaskSchedulerImpl: Removed TaskSet 8.0, whose tasks have all completed, from pool 
18/10/30 13:22:53 INFO DAGScheduler: ShuffleMapStage 8 (mapValues at KMeans.scala:79) finished in 0.092 s
18/10/30 13:22:53 INFO DAGScheduler: looking for newly runnable stages
18/10/30 13:22:53 INFO DAGScheduler: running: Set()
18/10/30 13:22:53 INFO DAGScheduler: waiting: Set(ResultStage 9)
18/10/30 13:22:53 INFO DAGScheduler: failed: Set()
18/10/30 13:22:53 INFO DAGScheduler: Missing parents for ResultStage 9: List()
18/10/30 13:22:53 INFO DAGScheduler: Submitting ResultStage 9 (MapPartitionsRDD[19] at mapValues at KMeans.scala:81), which is now runnable
18/10/30 13:22:53 INFO MemoryStore: ensureFreeSpace(2744) called with curMem=246120, maxMem=555755765
18/10/30 13:22:53 INFO MemoryStore: Block broadcast_11 stored as values in memory (estimated size 2.7 KB, free 529.8 MB)
18/10/30 13:22:53 INFO MemoryStore: ensureFreeSpace(1583) called with curMem=248864, maxMem=555755765
18/10/30 13:22:53 INFO MemoryStore: Block broadcast_11_piece0 stored as bytes in memory (estimated size 1583.0 B, free 529.8 MB)
18/10/30 13:22:53 INFO BlockManagerInfo: Added broadcast_11_piece0 in memory on localhost:33561 (size: 1583.0 B, free: 530.0 MB)
18/10/30 13:22:53 INFO SparkContext: Created broadcast 11 from broadcast at DAGScheduler.scala:861
18/10/30 13:22:53 INFO DAGScheduler: Submitting 2 missing tasks from ResultStage 9 (MapPartitionsRDD[19] at mapValues at KMeans.scala:81)
18/10/30 13:22:53 INFO TaskSchedulerImpl: Adding task set 9.0 with 2 tasks
18/10/30 13:22:53 INFO TaskSetManager: Starting task 0.0 in stage 9.0 (TID 18, localhost, PROCESS_LOCAL, 1955 bytes)
18/10/30 13:22:53 INFO TaskSetManager: Starting task 1.0 in stage 9.0 (TID 19, localhost, PROCESS_LOCAL, 1955 bytes)
18/10/30 13:22:53 INFO Executor: Running task 1.0 in stage 9.0 (TID 19)
18/10/30 13:22:53 INFO Executor: Running task 0.0 in stage 9.0 (TID 18)
18/10/30 13:22:53 INFO ShuffleBlockFetcherIterator: Getting 2 non-empty blocks out of 2 blocks
18/10/30 13:22:53 INFO ShuffleBlockFetcherIterator: Getting 2 non-empty blocks out of 2 blocks
18/10/30 13:22:53 INFO ShuffleBlockFetcherIterator: Started 0 remote fetches in 0 ms
18/10/30 13:22:53 INFO ShuffleBlockFetcherIterator: Started 0 remote fetches in 0 ms
18/10/30 13:22:53 INFO Executor: Finished task 0.0 in stage 9.0 (TID 18). 4046 bytes result sent to driver
18/10/30 13:22:53 INFO TaskSetManager: Finished task 0.0 in stage 9.0 (TID 18) in 11 ms on localhost (1/2)
18/10/30 13:22:53 INFO Executor: Finished task 1.0 in stage 9.0 (TID 19). 3938 bytes result sent to driver
18/10/30 13:22:53 INFO TaskSetManager: Finished task 1.0 in stage 9.0 (TID 19) in 31 ms on localhost (2/2)
18/10/30 13:22:53 INFO TaskSchedulerImpl: Removed TaskSet 9.0, whose tasks have all completed, from pool 
18/10/30 13:22:53 INFO DAGScheduler: ResultStage 9 (collect at KMeans.scala:83) finished in 0.034 s
18/10/30 13:22:53 INFO DAGScheduler: Job 5 finished: collect at KMeans.scala:83, took 0.156228 s
18/10/30 13:22:53 INFO SparkContext: Starting job: collect at KMeans.scala:83
18/10/30 13:22:53 INFO DAGScheduler: Registering RDD 21 (mapValues at KMeans.scala:79)
18/10/30 13:22:53 INFO DAGScheduler: Got job 6 (collect at KMeans.scala:83) with 2 output partitions
18/10/30 13:22:53 INFO DAGScheduler: Final stage: ResultStage 11(collect at KMeans.scala:83)
18/10/30 13:22:53 INFO DAGScheduler: Parents of final stage: List(ShuffleMapStage 10)
18/10/30 13:22:53 INFO DAGScheduler: Missing parents: List(ShuffleMapStage 10)
18/10/30 13:22:53 INFO DAGScheduler: Submitting ShuffleMapStage 10 (MapPartitionsRDD[21] at mapValues at KMeans.scala:79), which has no missing parents
18/10/30 13:22:53 INFO MemoryStore: ensureFreeSpace(2528) called with curMem=250447, maxMem=555755765
18/10/30 13:22:53 INFO MemoryStore: Block broadcast_12 stored as values in memory (estimated size 2.5 KB, free 529.8 MB)
18/10/30 13:22:53 INFO MemoryStore: ensureFreeSpace(1530) called with curMem=252975, maxMem=555755765
18/10/30 13:22:53 INFO MemoryStore: Block broadcast_12_piece0 stored as bytes in memory (estimated size 1530.0 B, free 529.8 MB)
18/10/30 13:22:53 INFO BlockManagerInfo: Added broadcast_12_piece0 in memory on localhost:33561 (size: 1530.0 B, free: 530.0 MB)
18/10/30 13:22:53 INFO SparkContext: Created broadcast 12 from broadcast at DAGScheduler.scala:861
18/10/30 13:22:53 INFO DAGScheduler: Submitting 2 missing tasks from ShuffleMapStage 10 (MapPartitionsRDD[21] at mapValues at KMeans.scala:79)
18/10/30 13:22:53 INFO TaskSchedulerImpl: Adding task set 10.0 with 2 tasks
18/10/30 13:22:53 INFO TaskSetManager: Starting task 0.0 in stage 10.0 (TID 20, localhost, PROCESS_LOCAL, 29228 bytes)
18/10/30 13:22:53 INFO TaskSetManager: Starting task 1.0 in stage 10.0 (TID 21, localhost, PROCESS_LOCAL, 29228 bytes)
18/10/30 13:22:53 INFO Executor: Running task 0.0 in stage 10.0 (TID 20)
18/10/30 13:22:53 INFO Executor: Running task 1.0 in stage 10.0 (TID 21)
18/10/30 13:22:53 INFO Executor: Finished task 0.0 in stage 10.0 (TID 20). 1159 bytes result sent to driver
18/10/30 13:22:53 INFO TaskSetManager: Finished task 0.0 in stage 10.0 (TID 20) in 28 ms on localhost (1/2)
18/10/30 13:22:53 INFO Executor: Finished task 1.0 in stage 10.0 (TID 21). 1159 bytes result sent to driver
18/10/30 13:22:53 INFO TaskSetManager: Finished task 1.0 in stage 10.0 (TID 21) in 37 ms on localhost (2/2)
18/10/30 13:22:53 INFO DAGScheduler: ShuffleMapStage 10 (mapValues at KMeans.scala:79) finished in 0.035 s
18/10/30 13:22:53 INFO DAGScheduler: looking for newly runnable stages
18/10/30 13:22:53 INFO DAGScheduler: running: Set()
18/10/30 13:22:53 INFO DAGScheduler: waiting: Set(ResultStage 11)
18/10/30 13:22:53 INFO DAGScheduler: failed: Set()
18/10/30 13:22:53 INFO DAGScheduler: Missing parents for ResultStage 11: List()
18/10/30 13:22:53 INFO DAGScheduler: Submitting ResultStage 11 (MapPartitionsRDD[23] at mapValues at KMeans.scala:81), which is now runnable
18/10/30 13:22:53 INFO MemoryStore: ensureFreeSpace(2744) called with curMem=254505, maxMem=555755765
18/10/30 13:22:53 INFO MemoryStore: Block broadcast_13 stored as values in memory (estimated size 2.7 KB, free 529.8 MB)
18/10/30 13:22:53 INFO MemoryStore: ensureFreeSpace(1582) called with curMem=257249, maxMem=555755765
18/10/30 13:22:53 INFO MemoryStore: Block broadcast_13_piece0 stored as bytes in memory (estimated size 1582.0 B, free 529.8 MB)
18/10/30 13:22:53 INFO TaskSchedulerImpl: Removed TaskSet 10.0, whose tasks have all completed, from pool 
18/10/30 13:22:53 INFO BlockManagerInfo: Added broadcast_13_piece0 in memory on localhost:33561 (size: 1582.0 B, free: 530.0 MB)
18/10/30 13:22:53 INFO SparkContext: Created broadcast 13 from broadcast at DAGScheduler.scala:861
18/10/30 13:22:53 INFO DAGScheduler: Submitting 2 missing tasks from ResultStage 11 (MapPartitionsRDD[23] at mapValues at KMeans.scala:81)
18/10/30 13:22:53 INFO TaskSchedulerImpl: Adding task set 11.0 with 2 tasks
18/10/30 13:22:53 INFO TaskSetManager: Starting task 0.0 in stage 11.0 (TID 22, localhost, PROCESS_LOCAL, 1955 bytes)
18/10/30 13:22:53 INFO TaskSetManager: Starting task 1.0 in stage 11.0 (TID 23, localhost, PROCESS_LOCAL, 1955 bytes)
18/10/30 13:22:53 INFO Executor: Running task 1.0 in stage 11.0 (TID 23)
18/10/30 13:22:53 INFO ShuffleBlockFetcherIterator: Getting 2 non-empty blocks out of 2 blocks
18/10/30 13:22:53 INFO ShuffleBlockFetcherIterator: Started 0 remote fetches in 0 ms
18/10/30 13:22:53 INFO Executor: Running task 0.0 in stage 11.0 (TID 22)
18/10/30 13:22:53 INFO Executor: Finished task 1.0 in stage 11.0 (TID 23). 3938 bytes result sent to driver
18/10/30 13:22:53 INFO TaskSetManager: Finished task 1.0 in stage 11.0 (TID 23) in 4 ms on localhost (1/2)
18/10/30 13:22:53 INFO ShuffleBlockFetcherIterator: Getting 2 non-empty blocks out of 2 blocks
18/10/30 13:22:53 INFO ShuffleBlockFetcherIterator: Started 0 remote fetches in 0 ms
18/10/30 13:22:53 INFO Executor: Finished task 0.0 in stage 11.0 (TID 22). 4046 bytes result sent to driver
18/10/30 13:22:53 INFO TaskSetManager: Finished task 0.0 in stage 11.0 (TID 22) in 16 ms on localhost (2/2)
18/10/30 13:22:53 INFO TaskSchedulerImpl: Removed TaskSet 11.0, whose tasks have all completed, from pool 
18/10/30 13:22:53 INFO DAGScheduler: ResultStage 11 (collect at KMeans.scala:83) finished in 0.015 s
18/10/30 13:22:53 INFO DAGScheduler: Job 6 finished: collect at KMeans.scala:83, took 0.070863 s
(11.585852211801098,19.557488202153646)
(3.535421927003258,19.433644293195005)
(3.421152606382378,15.705742038142157)
(5.3433803439785095,13.337906261662605)
(13.378916605824841,1.607969679895025)
(3.4255552029818,5.552759549340505)
(17.41669914895143,19.409935497934253)
(15.464502195088825,13.520984591123822)
(17.34436610668973,13.504042794103777)
(19.51442242964429,15.470311442896692)
(11.684650434663173,1.4456018723237867)
(7.496623346068666,7.4962351600758526)
(1.585706750208671,19.479182612762195)
(13.47999696751019,15.518416627788909)
(13.37422002661905,19.466601329712063)
(15.557488944586687,11.36329988566569)
(9.526059947239563,15.517701417433111)
(1.5328427527943118,3.4350110994735537)
(5.5367136525035745,5.60409892089151)
(11.612257816266107,13.431677048838223)
(19.465513634723155,7.488610748602047)
(15.418516840094476,15.473885495394038)
(9.541668964580518,19.490760340550395)
(15.553864342358489,5.332949834572113)
(7.471771200662083,19.510789472693276)
(5.70070376923011,17.559182234719124)
(17.611502238456723,9.391536353654084)
(5.494007381973966,19.395287432453813)
(19.462432439585633,11.526593730283688)
(17.449638052459484,17.570992561560235)
(1.4214268238265082,13.65385991534782)
(7.514045239681713,1.442658058167781)
(1.410986959543236,11.528621560445194)
(19.42417116919443,13.495366332950761)
(3.5295383078044384,1.4603864004807954)
(17.37605438986158,3.367358434625505)
(3.508427524695781,17.573459125799864)
(5.386919778686883,7.57992715535385)
(11.31461234751029,9.532555487511521)
(9.607193279857569,7.4997606739466205)
(13.418671430738755,17.355541407903296)
(15.449834657248925,19.480881048897135)
(3.646972523987406,11.513939163347377)
(9.424771887917089,3.4510075799551623)
(13.521023266009907,7.5157092910968935)
(11.66427773769761,3.595907595462043)
(13.645880564343168,9.550298361101952)
(9.512609753970624,11.516494423827131)
(9.435339094212722,9.56278401861589)
(3.7242109414096087,7.635447677839546)
(1.6681393136801919,17.345128525400597)
(7.473465707728508,9.527236625702002)
(3.2932059910053813,3.602751405559563)
(17.49620059389092,5.41346586392926)
(1.4605136897908426,15.551191828642894)
(19.41290063123994,17.453827102546132)
(1.3713800405747958,1.3838420084482728)
(11.471061934289873,7.533707718120384)
(1.414506954463833,7.462231461178868)
(11.456249748288036,5.399921812381237)
(7.551997407764199,5.516385320890585)
(13.472541366973685,5.588865024099276)
(17.57297456772642,15.507148476870164)
(1.534350099101617,9.427621878096344)
(5.466351573511209,15.38040370196049)
(17.523372469607327,7.605315453109018)
(9.55945253042779,13.54218196815608)
(9.567911241308785,5.4995671360452185)
(7.493602074182508,13.540005635233845)
(15.539260032097577,1.6402899134308284)
(11.415724345494002,11.202047135386774)
(9.561102812590052,17.418028545195025)
(17.419614783666,1.4763868763922956)
(15.441898262438048,17.379782404072717)
(19.409234632978556,19.623347525250594)
(15.48467564163502,9.471062807761296)
(11.565789152839637,15.492263851257922)
(3.614243664359364,9.53358786419872)
(7.592245184448302,17.560004750042822)
(19.513234834865923,9.527773458458018)
(7.418536851027672,11.563000770908088)
(5.234603743426063,9.6273558819129)
(15.537119143192829,7.573048307342447)
(19.466892901603227,1.5583760512167482)
(13.657993710377946,3.4873492614180983)
(11.517284536054932,17.460850336902567)
(5.575714848850136,11.47780590987567)
(19.445673909844572,5.400851850201909)
(3.5612855876355756,13.455447540293793)
(7.404644349482737,3.3238275829253645)
(13.337475973934067,11.653972321069816)
(19.403176106841798,3.5682007733944294)
(7.417149911519503,15.421833598207563)
(9.434523363405207,1.5959424789373127)
(5.310176184940422,3.5856888398611555)
(1.6170078456564476,5.406261095670564)
(17.394566167930165,11.524990545569416)
(13.520406174641,13.588340837724688)
(15.62891137577731,3.486125203470371)
(5.604267241258269,1.3678220308968347)
18/10/30 13:22:53 INFO SparkContext: Invoking stop() from shutdown hook
18/10/30 13:22:53 INFO SparkUI: Stopped Spark web UI at http://198.202.114.153:4040
18/10/30 13:22:53 INFO DAGScheduler: Stopping DAGScheduler
18/10/30 13:22:53 INFO MapOutputTrackerMasterEndpoint: MapOutputTrackerMasterEndpoint stopped!
18/10/30 13:22:53 INFO MemoryStore: MemoryStore cleared
18/10/30 13:22:53 INFO BlockManager: BlockManager stopped
18/10/30 13:22:53 INFO BlockManagerMaster: BlockManagerMaster stopped
18/10/30 13:22:53 INFO OutputCommitCoordinator$OutputCommitCoordinatorEndpoint: OutputCommitCoordinator stopped!
18/10/30 13:22:53 INFO SparkContext: Successfully stopped SparkContext
18/10/30 13:22:53 INFO ShutdownHookManager: Shutdown hook called
18/10/30 13:22:53 INFO ShutdownHookManager: Deleting directory /tmp/spark-bb410d54-deb0-4b0c-b3a1-bdf94a1924ac
